test    1: 10001110001001011100000011001001001101110010000010101101101011001011000011111011011110101110100010000110110001111001110011000101101001000101001010100111011101100111101111110100110011010100011000001110101010111110010100001001111111100 01110011000101101001000101001010100111011101100111101111110100110011010100011110000000100101111101101101001101100011010000000001101100001001  497 faults detected
test    2: 00011100010010111000000110010010011011100100000101011011010110010110000111110110111101011101000100001101100011110011100110001011010010001010010101001110111011001111011111101001100110101000110000011101010101111100101000010011111111000 11100110001011010010001010010101001110111011001111011111101001100110101000110001111111000010110011101001011011101001001100111111101010010001  395 faults detected
test    3: 00111000100101110000001100100100110111001000001010110110101100101100001111101101111010111010001000011011000111100111001100010110100100010100101010011101110110011110111111010011001101010001100000111010101011111001010000100111111110000 11001100010110100100010100101010011101110110011110111111010011001101010001100000000011111111110011101011010111110101000011000001101011110001  208 faults detected
test    4: 01110001001011100000011001001001101110010000010101101101011001011000011111011011110101110100010000110110001111001110011000101101001000101001010100111011101100111101111110100110011010100011000001110101010111110010100001001111111100001 10011000101101001000101001010100111011101100111101111110100110011010100011000001111101000110110011101010001001101011001100100001101101101001   66 faults detected
test    5: 11100010010111000000110010010011011100100000101011011010110010110000111110110111101011101000100001101100011110011100110001011010010001010010101001110111011001111011111101001100110101000110000011101010101111100101000010011111111000010 00110001011010010001010010101001110111011001111011111101001100110101000110000000000000000110110000001001101111110011100000111101001100000001  179 faults detected
test    6: 11000100101110000001100100100110111001000001010110110101100101100001111101101111010111010001000011011000111100111001100010110100100010100101010011101110110011110111111010011001101010001100000111010101011111001010000100111111110000101 01100010110100100010100101010011101110110011110111111010011001101010001100000001100010111110110011101010101111110011010011011101001111111001   68 faults detected
test    7: 10001001011100000011001001001101110010000010101101101011001011000011111011011110101110100010000110110001111001110011000101101001000101001010100111011101100111101111110100110011010100011000001110101010111110010100001001111111100001011 11000101101001000101001010100111011101100111101111110100110011010100011000001110000000100001111111101011110111100100110011000100001100001001   60 faults detected
test    8: 00010010111000000110010010011011100100000101011011010110010110000111110110111101011101000100001101100011110011100110001011010010001010010101001110111011001111011111101001100110101000110000011101010101111100101000010011111111000010111 10001011010010001010010101001110111011001111011111101001100110101000110000011111100000101010111011101011000111110111011111111101101000001001   36 faults detected
test    9: 00100101110000001100100100110111001000001010110110101100101100001111101101111010111010001000011011000111100111001100010110100100010100101010011101110110011110111111010011001101010001100000111010101011111001010000100111111110000101111 00010110100100010100101010011101110110011110111111010011001101010001100000111111111101100101111111101001111111100001000000000101001111101001   49 faults detected
test   10: 01001011100000011001001001101110010000010101101101011001011000011111011011110101110100010000110110001111001110011000101101001000101001010100111011101100111101111110100110011010100011000001110101010111110010100001001111111100001011110 00101101001000101001010100111011101100111101111110100110011010100011000001110001100011000011010011101110110011101101111111111101101000001001   16 faults detected
test   11: 10010111000000110010010011011100100000101011011010110010110000111110110111101011101000100001101100011110011100110001011010010001010010101001110111011001111011111101001100110101000110000011101010101111100101000010011111111000010111100 01011010010001010010101001110111011001111011111101001100110101000110000011101111100010011001011100101001011101110000010000000100001101101001    6 faults detected
test   12: 00101110000001100100100110111001000001010110110101100101100001111101101111010111010001000011011000111100111001100010110100100010100101010011101110110011110111111010011001101010001100000111010101011111001010000100111111110000101111000 10110100100010100101010011101110110011110111111010011001101010001100000111010001111100001100010001101111001010001011101100111100101101100001   31 faults detected
test   13: 01011100000011001001001101110010000010101101101011001011000011111011011110101110100010000110110001111001110011000101101001000101001010100111011101100111101111110100110011010100011000001110101010111110010100001001111111100001011110001 01101001000101001010100111011101100111101111110100110011010100011000001110101110011110010111011011101001011101100001100000111000001101111001   41 faults detected
test   14: 10111000000110010010011011100100000101011011010110010110000111110110111101011101000100001101100011110011100110001011010010001010010101001110111011001111011111101001100110101000110000011101010101111100101000010011111111000010111100011 11010010001010010101001110111011001111011111101001100110101000110000011101010000011111001101010011101000101001111011010011000101101000001001   51 faults detected
test   15: 01110000001100100100110111001000001010110110101100101100001111101101111010111010001000011011000111100111001100010110100100010100101010011101110110011110111111010011001101010001100000111010101011111001010000100111111110000101111000110 10100100010100101010011101110110011110111111010011001101010001100000111010101111111111100001101011101000111011111000011111100001001001100001   31 faults detected
test   16: 11100000011001001001101110010000010101101101011001011000011111011011110101110100010000110110001111001110011000101101001000101001010100111011101100111101111110100110011010100011000001110101010111110010100001001111111100001011110001101 01001000101001010100111011101100111101111110100110011010100011000001110101010000011110000011110011101010110011111100001111111111001111110001   49 faults detected
test   17: 11000000110010010011011100100000101011011010110010110000111110110111101011101000100001101100011110011100110001011010010001010010101001110111011001111011111101001100110101000110000011101010101111100101000010011111111000010111100011010 10010001010010101001110111011001111011111101001100110101000110000011101010101111111110011000111111101011010001101101011100100110001111110001   12 faults detected
test   18: 10000001100100100110111001000001010110110101100101100001111101101111010111010001000011011000111100111001100010110100100010100101010011101110110011110111111010011001101010001100000111010101011111001010000100111111110000101111000110100 00100010100101010011101110110011110111111010011001101010001100000111010101011110011101101010111111101000100111110110100011111001001111100001   12 faults detected
test   19: 00000011001001001101110010000010101101101011001011000011111011011110101110100010000110110001111001110011000101101001000101001010100111011101100111101111110100110011010100011000001110101010111110010100001001111111100001011110001101000 01000101001010100111011101100111101111110100110011010100011000001110101010111110011111011101111011101010100001101111101100100101001101100001    3 faults detected
test   20: 00000110010010011011100100000101011011010110010110000111110110111101011101000100001101100011110011100110001011010010001010010101001110111011001111011111101001100110101000110000011101010101111100101000010011111111000010111100011010000 10001010010101001110111011001111011111101001100110101000110000011101010101111110000001011100111100101011101011111010111111111110101010000001   31 faults detected
test   21: 00001100100100110111001000001010110110101100101100001111101101111010111010001000011011000111100111001100010110100100010100101010011101110110011110111111010011001101010001100000111010101011111001010000100111111110000101111000110100000 00010100101010011101110110011110111111010011001101010001100000111010101011111110000010010010111011101111110011101101100000111101101100000001    4 faults detected
test   22: 00011001001001101110010000010101101101011001011000011111011011110101110100010000110110001111001110011000101101001000101001010100111011101100111101111110100110011010100011000001110101010111110010100001001111111100001011110001101000000 00101001010100111011101100111101111110100110011010100011000001110101010111110001100001000011110011101010001011101011011100100100001011111001    5 faults detected
test   23: 00110010010011011100100000101011011010110010110000111110110111101011101000100001101100011110011100110001011010010001010010101001110111011001111011111101001100110101000110000011101010101111100101000010011111111000010111100011010000000 01010010101001110111011001111011111101001100110101000110000011101010101111100000000000110001110011101001100111110111010011111100101100000001   12 faults detected
test   24: 01100100100110111001000001010110110101100101100001111101101111010111010001000011011000111100111001100010110100100010100101010011101110110011110111111010011001101010001100000111010101011111001010000100111111110000101111000110100000001 10100101010011101110110011110111111010011001101010001100000111010101011111001110011110010111011111101000101011111010110011011100001000010001    3 faults detected
test   25: 11001001001101110010000010101101101011001011000011111011011110101110100010000110110001111001110011000101101001000101001010100111011101100111101111110100110011010100011000001110101010111110010100001001111111100001011110001101000000010 01001010100111011101100111101111110100110011010100011000001110101010111110010001100001110100100011101100110111000101110000011001101101100001   23 faults detected
test   26: 10010010011011100100000101011011010110010110000111110110111101011101000100001101100011110011100110001011010010001010010101001110111011001111011111101001100110101000110000011101010101111100101000010011111111000010111100011010000000100 10010101001110111011001111011111101001100110101000110000011101010101111100101111111100011000111011101010011011111001001100111101101100000001    1 faults detected
test   27: 00100100110111001000001010110110101100101100001111101101111010111010001000011011000111100111001100010110100100010100101010011101110110011110111111010011001101010001100000111010101011111001010000100111111110000101111000110100000001000 00101010011101110110011110111111010011001101010001100000111010101011111001010001111111000010110011101011011111110001010000000101101000010001    7 faults detected
test   28: 01001001101110010000010101101101011001011000011111011011110101110100010000110110001111001110011000101101001000101001010100111011101100111101111110100110011010100011000001110101010111110010100001001111111100001011110001101000000010001 01010100111011101100111101111110100110011010100011000001110101010111110010100001111101000110100011101100111011101000101100011001101001100001   21 faults detected
test   29: 10010011011100100000101011011010110010110000111110110111101011101000100001101100011110011100110001011010010001010010101001110111011001111011111101001100110101000110000011101010101111100101000010011111111000010111100011010000000100011 10101001110111011001111011111101001100110101000110000011101010101111100101000001111110111111110001101111001011101011111100111101001100000001   18 faults detected
test   30: 00100110111001000001010110110101100101100001111101101111010111010001000011011000111100111001100010110100100010100101010011101110110011110111111010011001101010001100000111010101011111001010000100111111110000101111000110100000001000111 01010011101110110011110111111010011001101010001100000111010101011111001010000001100001000111110000101001100001101111111111111011101101111001    3 faults detected
test   31: 01001101110010000010101101101011001011000011111011011110101110100010000110110001111001110011000101101001000101001010100111011101100111101111110100110011010100011000001110101010111110010100001001111111100001011110001101000000010001110 10100111011101100111101111110100110011010100011000001110101010111110010100001111100001100000111011101110000101110111110011111110101001100001    4 faults detected
test   32: 10011011100100000101011011010110010110000111110110111101011101000100001101100011110011100110001011010010001010010101001110111011001111011111101001100110101000110000011101010101111100101000010011111111000010111100011010000000100011100 01001110111011001111011111101001100110101000110000011101010101111100101000010001100011110100110000101001110011111101011111011000001100000001    5 faults detected
test   33: 00110111001000001010110110101100101100001111101101111010111010001000011011000111100111001100010110100100010100101010011101110110011110111111010011001101010001100000111010101011111001010000100111111110000101111000110100000001000111000 10011101110110011110111111010011001101010001100000111010101011111001010000100000011110110000110000101110100011001110101111111101001001101001    9 faults detected
test   34: 01101110010000010101101101011001011000011111011011110101110100010000110110001111001110011000101101001000101001010100111011101100111101111110100110011010100011000001110101010111110010100001001111111100001011110001101000000010001110001 00111011101100111101111110100110011010100011000001110101010111110010100001001110011101011001111000001011000111110111010011011001001000001001    2 faults detected
test   35: 11011100100000101011011010110010110000111110110111101011101000100001101100011110011100110001011010010001010010101001110111011001111011111101001100110101000110000011101010101111100101000010011111111000010111100011010000000100011100010 01110111011001111011111101001100110101000110000011101010101111100101000010011110000010100101111011101011001011101011100000100000001000010001    1 faults detected
test   36: 10111001000001010110110101100101100001111101101111010111010001000011011000111100111001100010110100100010100101010011101110110011110111111010011001101010001100000111010101011111001010000100111111110000101111000110100000001000111000100 11101110110011110111111010011001101010001100000111010101011111001010000100111110011101101010111011101010110111100101110000111001001001110001    6 faults detected
test   37: 01110010000010101101101011001011000011111011011110101110100010000110110001111001110011000101101001000101001010100111011101100111101111110100110011010100011000001110101010111110010100001001111111100001011110001101000000010001110001001 11011101100111101111110100110011010100011000001110101010111110010100001001111111100001100100111111101001110011111100001111111101001101100001    0 faults detected
test   38: 11100100000101011011010110010110000111110110111101011101000100001101100011110011100110001011010010001010010101001110111011001111011111101001100110101000110000011101010101111100101000010011111111000010111100011010000000100011100010010 10111011001111011111101001100110101000110000011101010101111100101000010011111110000010100101111111101010000011111110001111111000001001111001    1 faults detected
test   39: 11001000001010110110101100101100001111101101111010111010001000011011000111100111001100010110100100010100101010011101110110011110111111010011001101010001100000111010101011111001010000100111111110000101111000110100000001000111000100101 01110110011110111111010011001101010001100000111010101011111001010000100111111111100011010011111111101011000001111111000011000101001101101001    1 faults detected
test   40: 10010000010101101101011001011000011111011011110101110100010000110110001111001110011000101101001000101001010100111011101100111101111110100110011010100011000001110101010111110010100001001111111100001011110001101000000010001110001001011 11101100111101111110100110011010100011000001110101010111110010100001001111111111100010011101111111101001011111110001100000111011101101101001    1 faults detected
test   41: 00100000101011011010110010110000111110110111101011101000100001101100011110011100110001011010010001010010101001110111011001111011111101001100110101000110000011101010101111100101000010011111111000010111100011010000000100011100010010111 11011001111011111101001100110101000110000011101010101111100101000010011111111111100011100100111011101100110111110101110011111100101100010001    0 faults detected
test   42: 01000001010110110101100101100001111101101111010111010001000011011000111100111001100010110100100010100101010011101110110011110111111010011001101010001100000111010101011111001010000100111111110000101111000110100000001000111000100101110 10110011110111111010011001101010001100000111010101011111001010000100111111110001100000001101110011101011010001111100011111111110101000001001    6 faults detected
test   43: 10000010101101101011001011000011111011011110101110100010000110110001111001110011000101101001000101001010100111011101100111101111110100110011010100011000001110101010111110010100001001111111100001011110001101000000010001110001001011100 01100111101111110100110011010100011000001110101010111110010100001001111111100000000001001000110001101100010011111101101111011101101110000001    0 faults detected
test   44: 00000101011011010110010110000111110110111101011101000100001101100011110011100110001011010010001010010101001110111011001111011111101001100110101000110000011101010101111100101000010011111111000010111100011010000000100011100010010111000 11001111011111101001100110101000110000011101010101111100101000010011111111000000011101111110110011101000111001111000010011000100001101111001    2 faults detected
test   45: 00001010110110101100101100001111101101111010111010001000011011000111100111001100010110100100010100101010011101110110011110111111010011001101010001100000111010101011111001010000100111111110000101111000110100000001000111000100101110000 10011110111111010011001101010001100000111010101011111001010000100111111110000000000000110001110000101001100111110111100011100110101000001001    1 faults detected
test   46: 00010101101101011001011000011111011011110101110100010000110110001111001110011000101101001000101001010100111011101100111101111110100110011010100011000001110101010111110010100001001111111100001011110001101000000010001110001001011100000 00111101111110100110011010100011000001110101010111110010100001001111111100001111100000101110111011101011100111110110001111111000001000001001    1 faults detected
test   47: 00101011011010110010110000111110110111101011101000100001101100011110011100110001011010010001010010101001110111011001111011111101001100110101000110000011101010101111100101000010011111111000010111100011010000000100011100010010111000000 01111011111101001100110101000110000011101010101111100101000010011111111000010001100010001101110011101000000011111110111111111111001001101001   14 faults detected
test   48: 01010110110101100101100001111101101111010111010001000011011000111100111001100010110100100010100101010011101110110011110111111010011001101010001100000111010101011111001010000100111111110000101111000110100000001000111000100101110000001 11110111111010011001101010001100000111010101011111001010000100111111110000101110011101011001111111101110000001101111011111111011001001100001   17 faults detected
test   49: 10101101101011001011000011111011011110101110100010000110110001111001110011000101101001000101001010100111011101100111101111110100110011010100011000001110101010111110010100001001111111100001011110001101000000010001110001001011100000011 11101111110100110011010100011000001110101010111110010100001001111111100001011111111100011100111111101010000111110111100011011100001101100001    2 faults detected
	*******************************************************
	*                                                     *
	*            Welcome to HOPE (version 2.0)            *
	*                                                     *
	*               Dong S. Ha (ha@vt.edu)                *
	*            Web: http://www.ee.vt.edu/ha             *
	*  Virginia Polytechnic Institute & State University  *
	*                                                     *
	*******************************************************

******   SUMMARY OF SIMULATION RESULTS   ******
1. Circuit structure
   Name of circuit                           : c2670
   Number of primary inputs                  : 233
   Number of primary outputs                 : 140
   Number of combinational gates             : 1193
   Number of flip-flops                      : 0
   Level of the circuit                      : 32

2. Simulator input parameters
   Simulation mode                           : file (lfsr49.txt)

3. Simulation results
   Number of test patterns applied           : 49
   Fault coverage                            : 73.207 %
   Number of collapsed faults                : 2747
   Number of detected faults                 : 2011
   Number of undetected faults               : 736

4. Memory used                               : 0 Kbytes

5. CPU time
   Initialization                            : 0.001 secs
   Fault simulation                          : 0.004 secs
   Total                                     : 0.005 secs

* List of undetected faults:
   1. 1277 /0
   2. 1034 /0
   3. 69->547 /1
   4. 544 /0
   5. 132->544 /1
   6. 44->544 /1
   7. 1448 /1
   8. 1032 /1
   9. 241->1815 /1
  10. 509->1455 /1
  11. 486 /1
  12. 550->1099 /1
  13. 1086->1472 /1
  14. 550->1479 /1
  15. 241->1814 /1
  16. 2710 /0
  17. 2709 /0
  18. 2291->2710 /1
  19. 2294->2709 /1
  20. 2155 /0
  21. 1656->2156 /1
  22. 730->2155 /1
  23. 1656->1888 /1
  24. 1656 /1
  25. 582->1128 /1
  26. 594->1128 /1
  27. 1102->1495 /1
  28. 594->1495 /1
  29. 582->1494 /1
  30. 1113->1494 /1
  31. 1102->1493 /1
  32. 1113->1493 /1
  33. 1784 /0
  34. 1776 /1
  35. 1129->1784 /1
  36. 1499->1785 /1
  37. 1513 /0
  38. 3038 /0
  39. 2931 /0
  40. 543 /0
  41. 1069 /0
  42. 2680 /1
  43. 2428 /1
  44. 2330 /1
  45. 2329 /1
  46. 1572 /1
  47. 2679 /1
  48. 2429 /1
  49. 2332 /1
  50. 2331 /1
  51. 1573 /1
  52. 2678 /1
  53. 2430 /1
  54. 2334 /1
  55. 2333 /1
  56. 1574 /1
  57. 2677 /1
  58. 2431 /1
  59. 2336 /1
  60. 2335 /1
  61. 1575 /1
  62. 2676 /1
  63. 2432 /1
  64. 2338 /1
  65. 2337 /1
  66. 1576 /1
  67. 2675 /1
  68. 2433 /1
  69. 2340 /1
  70. 2339 /1
  71. 1577 /1
  72. 1935 /0
  73. 1571 /0
  74. 2674 /1
  75. 2407 /1
  76. 2303 /1
  77. 2302 /1
  78. 1519 /1
  79. 2673 /1
  80. 2408 /1
  81. 2305 /1
  82. 2304 /1
  83. 1520 /1
  84. 2672 /1
  85. 2409 /1
  86. 2307 /1
  87. 2306 /1
  88. 1521 /1
  89. 2671 /1
  90. 2410 /1
  91. 2309 /1
  92. 2308 /1
  93. 1522 /1
  94. 2670 /1
  95. 2411 /1
  96. 2311 /1
  97. 2310 /1
  98. 1523 /1
  99. 2669 /1
 100. 2412 /1
 101. 2313 /1
 102. 2312 /1
 103. 1524 /1
 104. 2668 /1
 105. 2413 /1
 106. 2315 /1
 107. 2314 /1
 108. 1525 /1
 109. 2667 /1
 110. 2414 /1
 111. 2317 /1
 112. 2316 /1
 113. 1526 /1
 114. 2666 /1
 115. 2415 /1
 116. 2319 /1
 117. 2318 /1
 118. 1527 /1
 119. 2665 /1
 120. 2416 /1
 121. 2321 /1
 122. 2320 /1
 123. 1528 /1
 124. 1302 /1
 125. 11->543 /1
 126. 246->543 /1
 127. 11->1069 /1
 128. 537->1069 /1
 129. 2830 /1
 130. 2751 /1
 131. 1251->2428 /1
 132. 2095->2329 /1
 133. 1254->2429 /1
 134. 2098->2331 /1
 135. 1257->2430 /1
 136. 2101->2333 /1
 137. 1260->2431 /1
 138. 2104->2335 /1
 139. 1263->2432 /1
 140. 2107->2337 /1
 141. 2750 /1
 142. 1266->2433 /1
 143. 2110->2339 /1
 144. 2034 /1
 145. 1651->1935 /1
 146. 699->1935 /1
 147. 1205->1571 /1
 148. 28 /1
 149. 2829 /1
 150. 2749 /1
 151. 1219->2407 /1
 152. 2052->2302 /1
 153. 1222->2408 /1
 154. 2055->2304 /1
 155. 1225->2409 /1
 156. 2058->2306 /1
 157. 1228->2410 /1
 158. 2061->2308 /1
 159. 1231->2411 /1
 160. 2064->2310 /1
 161. 2748 /1
 162. 1234->2412 /1
 163. 2067->2312 /1
 164. 1237->2413 /1
 165. 2070->2314 /1
 166. 1240->2414 /1
 167. 2073->2316 /1
 168. 1243->2415 /1
 169. 2076->2318 /1
 170. 1246->2416 /1
 171. 2079->2320 /1
 172. 2079 /1
 173. 1928 /0
 174. 1564 /0
 175. 2079 /0
 176. 1676->1928 /1
 177. 693->1928 /1
 178. 1200->1564 /1
 179. 25 /1
 180. 1200 /1
 181. 1200 /0
 182. 693 /0
 183. 693 /1
 184. 29 /0
 185. 29 /1
 186. 613->1169 /1
 187. 625->1169 /1
 188. 1146->1534 /1
 189. 119 /1
 190. 1157->1533 /1
 191. 95 /1
 192. 1146->1532 /1
 193. 1157->1532 /1
 194. 1246 /0
 195. 1246 /1
 196. 683 /0
 197. 683 /1
 198. 2076 /1
 199. 1918 /0
 200. 1552 /0
 201. 2076 /0
 202. 1634->1918 /1
 203. 643->1918 /1
 204. 1178->1552 /1
 205. 24 /1
 206. 1178 /1
 207. 1178 /0
 208. 643 /0
 209. 643 /1
 210. 16 /0
 211. 16 /1
 212. 1243 /0
 213. 1243 /1
 214. 679 /0
 215. 679 /1
 216. 2073 /1
 217. 1917 /0
 218. 1551 /0
 219. 2073 /0
 220. 1631->1917 /1
 221. 643->1917 /1
 222. 1178->1551 /1
 223. 6 /1
 224. 1240 /0
 225. 1240 /1
 226. 2070 /1
 227. 1916 /0
 228. 1550 /0
 229. 2070 /0
 230. 1628->1916 /1
 231. 643->1916 /1
 232. 1178->1550 /1
 233. 23 /1
 234. 1237 /0
 235. 1237 /1
 236. 2067 /1
 237. 1915 /0
 238. 1549 /0
 239. 2067 /0
 240. 1624->1915 /1
 241. 643->1915 /1
 242. 1178->1549 /1
 243. 22 /1
 244. 1234 /0
 245. 1234 /1
 246. 667 /0
 247. 2064 /1
 248. 1914 /0
 249. 1548 /0
 250. 2064 /0
 251. 1619->1914 /1
 252. 643->1914 /1
 253. 1178->1548 /1
 254. 21 /1
 255. 1231 /0
 256. 1231 /1
 257. 663 /0
 258. 663 /1
 259. 2061 /1
 260. 1913 /0
 261. 1547 /0
 262. 2061 /0
 263. 1615->1913 /1
 264. 637->1913 /1
 265. 1173->1547 /1
 266. 5 /1
 267. 1173 /1
 268. 1173 /0
 269. 637 /0
 270. 637 /1
 271. 1228 /0
 272. 1228 /1
 273. 2058 /1
 274. 1912 /0
 275. 1546 /0
 276. 2058 /0
 277. 1612->1912 /1
 278. 637->1912 /1
 279. 1173->1546 /1
 280. 20 /1
 281. 1225 /0
 282. 1225 /1
 283. 2055 /1
 284. 1911 /0
 285. 1545 /0
 286. 2055 /0
 287. 1606->1911 /1
 288. 637->1911 /1
 289. 1173->1545 /1
 290. 4 /1
 291. 1222 /0
 292. 1222 /1
 293. 2052 /1
 294. 1910 /0
 295. 1544 /0
 296. 2052 /0
 297. 1600->1910 /1
 298. 637->1910 /1
 299. 1173->1544 /1
 300. 19 /1
 301. 1219 /0
 302. 1219 /1
 303. 574 /0
 304. 574 /1
 305. 1205 /0
 306. 1205 /1
 307. 699 /1
 308. 699 /0
 309. 2110 /1
 310. 1934 /0
 311. 1570 /0
 312. 2110 /0
 313. 1647->1934 /1
 314. 699->1934 /1
 315. 1205->1570 /1
 316. 35 /1
 317. 1266 /0
 318. 1266 /1
 319. 723 /0
 320. 723 /1
 321. 2107 /1
 322. 1933 /0
 323. 1569 /0
 324. 2107 /0
 325. 1642->1933 /1
 326. 699->1933 /1
 327. 1205->1569 /1
 328. 34 /1
 329. 1263 /0
 330. 1263 /1
 331. 719 /0
 332. 719 /1
 333. 2104 /1
 334. 1932 /0
 335. 1568 /0
 336. 2104 /0
 337. 1637->1932 /1
 338. 699->1932 /1
 339. 1205->1568 /1
 340. 27 /1
 341. 1260 /0
 342. 1260 /1
 343. 715 /0
 344. 715 /1
 345. 2101 /1
 346. 1931 /0
 347. 1567 /0
 348. 2101 /0
 349. 1690->1931 /1
 350. 693->1931 /1
 351. 1200->1567 /1
 352. 33 /1
 353. 1257 /0
 354. 1257 /1
 355. 711 /0
 356. 2098 /1
 357. 1930 /0
 358. 1566 /0
 359. 2098 /0
 360. 1686->1930 /1
 361. 693->1930 /1
 362. 1200->1566 /1
 363. 26 /1
 364. 625->1171 /1
 365. 1146->1538 /1
 366. 1157->1538 /1
 367. 1254 /0
 368. 1254 /1
 369. 2095 /1
 370. 1929 /0
 371. 1565 /0
 372. 2095 /0
 373. 1681->1929 /1
 374. 693->1929 /1
 375. 1200->1565 /1
 376. 32 /1
 377. 613->1170 /1
 378. 1251 /0
 379. 1251 /1
 380. 11 /0
 381. 11 /1
 382. 3079 /1
 383. 2356 /1
 384. 1963->2357 /1
 385. 1966->2356 /1
 386. 1963 /1
 387. 2837 /1
 388. 2417->2839 /1
 389. 2684->2840 /1
 390. 1530 /0
 391. 1146->1531 /1
 392. 37->499 /1
 393. 37->499 /1
 394. 3194 /0
 395. 3647 /1
 396. 3508 /1
 397. 3436 /1
 398. 3507 /1
 399. 3836 /1
 400. 3640->3744 /1
 401. 3644->3744 /1
 402. 3635->3744 /1
 403. 3382->3508 /1
 404. 3271->3566 /1
 405. 3747 /0
 406. 3644->3747 /1
 407. 3635->3747 /1
 408. 3016->3309 /1
 409. 3640->3746 /1
 410. 3635->3746 /1
 411. 3019->3308 /1
 412. 3635->3745 /1
 413. 2869->3071 /1
 414. 2869 /1
 415. 2119 /1
 416. 2395->2636 /1
 417. 2395 /1
 418. 3430 /1
 419. 3501 /1
 420. 3635 /1
 421. 3370->3502 /1
 422. 3262->3563 /1
 423. 2869->3070 /1
 424. 2395->2635 /1
 425. 3432 /1
 426. 3503 /1
 427. 3166 /0
 428. 3069 /1
 429. 683->3069 /1
 430. 2869->3069 /1
 431. 3019 /1
 432. 2634 /1
 433. 1676->2634 /1
 434. 2395->2634 /1
 435. 3506 /1
 436. 3434 /1
 437. 3505 /1
 438. 3644 /1
 439. 3378->3506 /1
 440. 3268->3565 /1
 441. 3268 /1
 442. 3378 /0
 443. 3016 /1
 444. 2633 /1
 445. 1880->2633 /1
 446. 2395->2633 /1
 447. 3163 /0
 448. 3068 /1
 449. 679->3068 /1
 450. 2869->3068 /1
 451. 3794 /0
 452. 3029 /0
 453. 3208 /0
 454. 3633 /1
 455. 2403 /1
 456. 3697 /1
 457. 3634 /1
 458. 2656 /1
 459. 3661 /1
 460. 3814 /0
 461. 3749 /0
 462. 3737->3794 /1
 463. 1836->3428 /1
 464. 3302 /1
 465. 574->3029 /1
 466. 2831->3029 /1
 467. 687->3208 /1
 468. 3039->3208 /1
 469. 3324->3500 /1
 470. 3654->3813 /1
 471. 3767->3813 /1
 472. 3648->3813 /1
 473. 3771->3813 /1
 474. 3771->3815 /1
 475. 3767->3815 /1
 476. 3648->3815 /1
 477. 3767->3814 /1
 478. 3648->3814 /1
 479. 3110->3570 /1
 480. 3654->3749 /1
 481. 3648->3749 /1
 482. 3113->3569 /1
 483. 2859->3067 /1
 484. 2859 /1
 485. 2646->2812 /1
 486. 2646 /1
 487. 2391 /0
 488. 3438 /1
 489. 3509 /1
 490. 2859->3066 /1
 491. 2646->2811 /1
 492. 3512 /1
 493. 3440 /1
 494. 3511 /1
 495. 3390 /0
 496. 3065 /0
 497. 3231 /0
 498. 3459 /0
 499. 2859->3065 /1
 500. 723->3231 /1
 501. 3061 /0
 502. 3113 /1
 503. 2632 /0
 504. 2810 /0
 505. 2915 /1
 506. 1863->2632 /1
 507. 2391->2632 /1
 508. 1863->2810 /1
 509. 2646->2810 /1
 510. 3767 /1
 511. 3717 /1
 512. 3513 /1
 513. 3716 /1
 514. 3585->3717 /1
 515. 3394->3741 /1
 516. 3394 /1
 517. 3585 /0
 518. 3064 /0
 519. 3230 /0
 520. 3456 /0
 521. 3336 /1
 522. 663->3064 /1
 523. 2859->3064 /1
 524. 719->3230 /1
 525. 3061->3230 /1
 526. 3110 /1
 527. 2631 /0
 528. 2809 /0
 529. 2914 /1
 530. 1856->2631 /1
 531. 2391->2631 /1
 532. 1856->2809 /1
 533. 2646->2809 /1
 534. 3771 /1
 535. 3719 /1
 536. 3515 /1
 537. 3718 /1
 538. 3588->3719 /1
 539. 3397->3742 /1
 540. 3397 /1
 541. 3588 /0
 542. 3220 /0
 543. 2831->3046 /1
 544. 715->3220 /1
 545. 3039 /0
 546. 3219 /0
 547. 2655 /1
 548. 3696 /1
 549. 3631 /1
 550. 2478 /0
 551. 3218 /0
 552. 3039->3218 /1
 553. 2216 /0
 554. 3540 /0
 555. 3271 /1
 556. 3382 /0
 557. 3875 /0
 558. 3870 /1
 559. 3869 /0
 560. 3859->3869 /1
 561. 3864->3869 /1
 562. 3858 /0
 563. 3857 /0
 564. 3859 /0
 565. 3852 /0
 566. 3843->3852 /1
 567. 3840->3852 /1
 568. 3615 /1
 569. 3489 /1
 570. 3418 /1
 571. 3488 /1
 572. 3834 /1
 573. 3608->3731 /1
 574. 3612->3731 /1
 575. 3603->3731 /1
 576. 3352->3489 /1
 577. 3253->3555 /1
 578. 3734 /0
 579. 3612->3734 /1
 580. 3603->3734 /1
 581. 2972->3296 /1
 582. 3608->3733 /1
 583. 3603->3733 /1
 584. 2975->3295 /1
 585. 3603->3732 /1
 586. 2854->3060 /1
 587. 2854 /1
 588. 2377->2610 /1
 589. 2377 /1
 590. 3412 /1
 591. 3482 /1
 592. 3603 /1
 593. 3340->3483 /1
 594. 3244->3552 /1
 595. 2854->3059 /1
 596. 2377->2609 /1
 597. 3414 /1
 598. 3484 /1
 599. 3146 /0
 600. 3058 /1
 601. 683->3058 /1
 602. 2854->3058 /1
 603. 2975 /1
 604. 2608 /1
 605. 1676->2608 /1
 606. 2377->2608 /1
 607. 3487 /1
 608. 3416 /1
 609. 3486 /1
 610. 3612 /1
 611. 3348->3487 /1
 612. 3250->3554 /1
 613. 3250 /1
 614. 3348 /0
 615. 2972 /1
 616. 2607 /1
 617. 1880->2607 /1
 618. 2377->2607 /1
 619. 3143 /0
 620. 3057 /1
 621. 679->3057 /1
 622. 2854->3057 /1
 623. 3779 /0
 624. 3007 /0
 625. 3197 /0
 626. 3598 /1
 627. 2376 /1
 628. 3670 /1
 629. 3599 /1
 630. 2645 /1
 631. 3629 /1
 632. 3807 /0
 633. 3736 /0
 634. 3723->3779 /1
 635. 1836->3409 /1
 636. 3288 /1
 637. 574->3007 /1
 638. 2820->3007 /1
 639. 687->3197 /1
 640. 3030->3197 /1
 641. 3315->3480 /1
 642. 3622->3806 /1
 643. 3754->3806 /1
 644. 3616->3806 /1
 645. 3758->3806 /1
 646. 3758->3808 /1
 647. 3754->3808 /1
 648. 3616->3808 /1
 649. 3754->3807 /1
 650. 3616->3807 /1
 651. 3088->3559 /1
 652. 3622->3736 /1
 653. 3616->3736 /1
 654. 3091->3558 /1
 655. 2844->3056 /1
 656. 2844 /1
 657. 2638->2792 /1
 658. 2638 /1
 659. 2382 /0
 660. 3420 /1
 661. 3490 /1
 662. 2844->3055 /1
 663. 2638->2791 /1
 664. 3493 /1
 665. 3422 /1
 666. 3492 /1
 667. 3360 /0
 668. 3054 /0
 669. 3223 /0
 670. 3453 /0
 671. 2844->3054 /1
 672. 723->3223 /1
 673. 3050 /0
 674. 3091 /1
 675. 2612 /0
 676. 2790 /0
 677. 2899 /1
 678. 1863->2612 /1
 679. 2382->2612 /1
 680. 1863->2790 /1
 681. 2638->2790 /1
 682. 3754 /1
 683. 3692 /1
 684. 3494 /1
 685. 3691 /1
 686. 3576->3692 /1
 687. 3364->3728 /1
 688. 3364 /1
 689. 3576 /0
 690. 3053 /0
 691. 3222 /0
 692. 3450 /0
 693. 3334 /1
 694. 663->3053 /1
 695. 2844->3053 /1
 696. 719->3222 /1
 697. 3050->3222 /1
 698. 3088 /1
 699. 2611 /0
 700. 2789 /0
 701. 2898 /1
 702. 1856->2611 /1
 703. 2382->2611 /1
 704. 1856->2789 /1
 705. 2638->2789 /1
 706. 3758 /1
 707. 3694 /1
 708. 3496 /1
 709. 3693 /1
 710. 3579->3694 /1
 711. 3367->3729 /1
 712. 3367 /1
 713. 3579 /0
 714. 3217 /0
 715. 2820->3037 /1
 716. 715->3217 /1
 717. 3030 /0
 718. 3216 /0
 719. 2630 /1
 720. 3669 /1
 721. 3596 /1
 722. 2472 /0
 723. 3215 /0
 724. 3030->3215 /1
 725. 2213 /0
 726. 3531 /0
 727. 3253 /1
 728. 3352 /0
 729. 3864 /1
 730. 3881 /0
 731. 3877 /0
 732. 3028 /1
 733. 3819 /1
 734. 3727 /1
 735. 3870->3876 /1
 736. 3882 /1
